{"/sandbox/src/index.js": {"path":"/sandbox/src/index.js","statementMap":{"0":{"start":{"line":1,"column":16},"end":{"line":1,"column":34}},"1":{"start":{"line":2,"column":12},"end":{"line":2,"column":21}},"2":{"start":{"line":3,"column":19},"end":{"line":3,"column":49}},"3":{"start":{"line":4,"column":0},"end":{"line":4,"column":21}},"4":{"start":{"line":7,"column":0},"end":{"line":7,"column":20}}},"fnMap":{},"branchMap":{},"s":{"0":1,"1":1,"2":1,"3":1,"4":1},"f":{},"b":{},"_coverageSchema":"1a1c01bbd47fc00a2c39e90264f33305004495a9","hash":"f28b0d317449627ebe23e3fa3d9825628d862d82"}
,"/sandbox/src/controllers/userController.js": {"path":"/sandbox/src/controllers/userController.js","statementMap":{"0":{"start":{"line":1,"column":14},"end":{"line":1,"column":41}},"1":{"start":{"line":4,"column":20},"end":{"line":32,"column":1}},"2":{"start":{"line":5,"column":17},"end":{"line":5,"column":29}},"3":{"start":{"line":8,"column":2},"end":{"line":11,"column":3}},"4":{"start":{"line":9,"column":4},"end":{"line":9,"column":78}},"5":{"start":{"line":10,"column":4},"end":{"line":10,"column":11}},"6":{"start":{"line":14,"column":2},"end":{"line":19,"column":3}},"7":{"start":{"line":15,"column":4},"end":{"line":17,"column":74}},"8":{"start":{"line":18,"column":4},"end":{"line":18,"column":11}},"9":{"start":{"line":22,"column":15},"end":{"line":22,"column":55}},"10":{"start":{"line":22,"column":36},"end":{"line":22,"column":54}},"11":{"start":{"line":25,"column":2},"end":{"line":28,"column":3}},"12":{"start":{"line":26,"column":4},"end":{"line":26,"column":75}},"13":{"start":{"line":27,"column":4},"end":{"line":27,"column":11}},"14":{"start":{"line":31,"column":2},"end":{"line":31,"column":17}},"15":{"start":{"line":34,"column":0},"end":{"line":34,"column":33}}},"fnMap":{"0":{"name":"(anonymous_0)","decl":{"start":{"line":4,"column":20},"end":{"line":4,"column":21}},"loc":{"start":{"line":4,"column":34},"end":{"line":32,"column":1}},"line":4},"1":{"name":"(anonymous_1)","decl":{"start":{"line":22,"column":26},"end":{"line":22,"column":27}},"loc":{"start":{"line":22,"column":36},"end":{"line":22,"column":54}},"line":22}},"branchMap":{"0":{"loc":{"start":{"line":8,"column":2},"end":{"line":11,"column":3}},"type":"if","locations":[{"start":{"line":8,"column":2},"end":{"line":11,"column":3}},{"start":{},"end":{}}],"line":8},"1":{"loc":{"start":{"line":14,"column":2},"end":{"line":19,"column":3}},"type":"if","locations":[{"start":{"line":14,"column":2},"end":{"line":19,"column":3}},{"start":{},"end":{}}],"line":14},"2":{"loc":{"start":{"line":25,"column":2},"end":{"line":28,"column":3}},"type":"if","locations":[{"start":{"line":25,"column":2},"end":{"line":28,"column":3}},{"start":{},"end":{}}],"line":25}},"s":{"0":1,"1":1,"2":7,"3":7,"4":3,"5":3,"6":4,"7":1,"8":1,"9":3,"10":9,"11":3,"12":1,"13":1,"14":2,"15":1},"f":{"0":7,"1":9},"b":{"0":[3,4],"1":[1,3],"2":[1,2]},"_coverageSchema":"1a1c01bbd47fc00a2c39e90264f33305004495a9","hash":"81987cba64bb141ed403f8cc8cad3fe196c38fac"}
,"/sandbox/src/routes/userRoutes.js": {"path":"/sandbox/src/routes/userRoutes.js","statementMap":{"0":{"start":{"line":1,"column":16},"end":{"line":1,"column":34}},"1":{"start":{"line":2,"column":15},"end":{"line":2,"column":31}},"2":{"start":{"line":3,"column":23},"end":{"line":3,"column":63}},"3":{"start":{"line":5,"column":0},"end":{"line":5,"column":49}},"4":{"start":{"line":7,"column":0},"end":{"line":7,"column":24}}},"fnMap":{},"branchMap":{},"s":{"0":1,"1":1,"2":1,"3":1,"4":1},"f":{},"b":{},"_coverageSchema":"1a1c01bbd47fc00a2c39e90264f33305004495a9","hash":"59f921bf6f0c520c8b3e420490dd9e0224aa0dd7"}
}
