TN:
SF:src/index.js
FNF:0
FNH:0
DA:1,1
DA:2,1
DA:3,1
DA:4,1
DA:7,1
LF:5
LH:5
BRF:0
BRH:0
end_of_record
TN:
SF:src/controllers/userController.js
FN:4,(anonymous_0)
FN:22,(anonymous_1)
FNF:2
FNH:2
FNDA:7,(anonymous_0)
FNDA:9,(anonymous_1)
DA:1,1
DA:4,1
DA:5,7
DA:8,7
DA:9,3
DA:10,3
DA:14,4
DA:15,1
DA:18,1
DA:22,9
DA:25,3
DA:26,1
DA:27,1
DA:31,2
DA:34,1
LF:15
LH:15
BRDA:8,0,0,3
BRDA:8,0,1,4
BRDA:14,1,0,1
BRDA:14,1,1,3
BRDA:25,2,0,1
BRDA:25,2,1,2
BRF:6
BRH:6
end_of_record
TN:
SF:src/routes/userRoutes.js
FNF:0
FNH:0
DA:1,1
DA:2,1
DA:3,1
DA:5,1
DA:7,1
LF:5
LH:5
BRF:0
BRH:0
end_of_record
